2016/08/15 09:52:46 AM Starting new HTTPS connection (1): login.weixin.qq.com
2016/08/15 09:52:58 AM [INFO] Please confirm to login .
2016/08/15 09:53:00 AM Starting new HTTPS connection (1): wx2.qq.com
2016/08/15 09:53:01 AM Starting new HTTPS connection (1): webpush.weixin.qq.com
2016/08/15 09:53:01 AM Starting new HTTPS connection (1): webpush2.weixin.qq.com
2016/08/15 09:58:33 AM Resetting dropped connection: wx2.qq.com
2016/08/15 09:58:56 AM Starting new HTTPS connection (1): file.wx.qq.com
2016/08/15 09:58:57 AM Starting new HTTPS connection (1): file2.wx.qq.com
2016/08/15 09:58:57 AM Resetting dropped connection: webpush2.weixin.qq.com
2016/08/15 09:59:23 AM Resetting dropped connection: wx2.qq.com
2016/08/15 09:59:24 AM exception
Traceback (most recent call last):
  File "G:\workspace\php\wxvote\wxvote\application\modules\weixin_robot\wxbot.py", line 54, in request
    allow_redirects, proxies, hooks, stream, verify, cert, json)
  File "D:\Python27\lib\site-packages\requests\sessions.py", line 475, in request
    resp = self.send(prep, **send_kwargs)
  File "D:\Python27\lib\site-packages\requests\sessions.py", line 585, in send
    r = adapter.send(request, **kwargs)
  File "D:\Python27\lib\site-packages\requests\adapters.py", line 453, in send
    raise ConnectionError(err, request=request)
ConnectionError: ('Connection aborted.', BadStatusLine("''",))
2016/08/15 09:59:24 AM Starting new HTTPS connection (2): wx2.qq.com
2016/08/15 10:21:18 AM Starting new HTTPS connection (1): login.weixin.qq.com
2016/08/15 10:21:40 AM [INFO] Please confirm to login .
2016/08/15 10:21:42 AM Starting new HTTPS connection (1): wx.qq.com
2016/08/15 10:21:43 AM Starting new HTTPS connection (1): webpush.weixin.qq.com
2016/08/15 10:22:01 AM Resetting dropped connection: webpush.weixin.qq.com
2016/08/15 10:22:01 AM Resetting dropped connection: wx.qq.com
2016/08/15 10:22:16 AM Resetting dropped connection: webpush.weixin.qq.com
2016/08/15 10:22:42 AM Starting new HTTPS connection (1): login.weixin.qq.com
2016/08/15 10:22:43 AM "GET /jslogin?fun=new&lang=zh_CN&_=1471227762169&appid=wx782c26e4c19acffb HTTP/1.1" 200 64
2016/08/15 10:22:43 AM [INFO] begin to record {"status": 1, "pid": 11776, "uuid": "oaYU_OJgTA==", "desc": "wait for scan"}
2016/08/15 10:22:43 AM [INFO] Please use WeChat to scan the QR code .
2016/08/15 10:23:08 AM "GET /cgi-bin/mmwebwx-bin/login?tip=1&uuid=oaYU_OJgTA==&_=1471227763 HTTP/1.1" 200 16
2016/08/15 10:23:08 AM [ERROR] WeChat login timeout. retry in 1 secs later...
2016/08/15 10:23:09 AM "GET /cgi-bin/mmwebwx-bin/login?tip=1&uuid=oaYU_OJgTA==&_=1471227789 HTTP/1.1" 200 16
2016/08/15 10:23:09 AM [INFO] Please confirm to login .
2016/08/15 10:23:11 AM "GET /cgi-bin/mmwebwx-bin/login?tip=0&uuid=oaYU_OJgTA==&_=1471227789 HTTP/1.1" 200 183
2016/08/15 10:23:11 AM Starting new HTTPS connection (1): wx.qq.com
2016/08/15 10:23:12 AM "GET /cgi-bin/mmwebwx-bin/webwxnewloginpage?ticket=AbXeXAag4hjqSM3T8riqHsMU@qrticket_0&uuid=oaYU_OJgTA==&lang=zh_CN&scan=1471227781&fun=new HTTP/1.1" 200 201
2016/08/15 10:23:12 AM [INFO] begin to record {"status": 1, "desc": "login succeed", "pid": 11776, "uuid": "oaYU_OJgTA==", "uin": "73909470"}
2016/08/15 10:23:12 AM [INFO] Web WeChat login succeed .
2016/08/15 10:23:12 AM "POST /cgi-bin/mmwebwx-bin/webwxinit?r=1471227792&lang=en_US&pass_ticket=7IfUspcvYdDSJCaD25v6abmdV3TZxEM7IDv5bOWHXPU%3D HTTP/1.1" 200 1791
2016/08/15 10:23:12 AM "GET /cgi-bin/mmwebwx-bin/webwxgeticon?username=@3de549e1acd5fc12eecbe83842b8d9c5ea07bbe85cec856bdc025c127d452209&skey=@crypt_e96abede_e79838f9ea4ec4f35b1e69ea48a31eca HTTP/1.1" 200 2976
2016/08/15 10:23:12 AM [INFO] begin to record {"status": 1, "desc": "init succeed", "pid": 11776, "uuid": "oaYU_OJgTA==", "uin": "73909470"}
2016/08/15 10:23:12 AM [INFO] Web WeChat init succeed .
2016/08/15 10:23:12 AM "POST /cgi-bin/mmwebwx-bin/webwxstatusnotify?lang=zh_CN&pass_ticket=7IfUspcvYdDSJCaD25v6abmdV3TZxEM7IDv5bOWHXPU%3D HTTP/1.1" 200 73
2016/08/15 10:23:13 AM "POST /cgi-bin/mmwebwx-bin/webwxgetcontact?pass_ticket=7IfUspcvYdDSJCaD25v6abmdV3TZxEM7IDv5bOWHXPU%3D&skey=@crypt_e96abede_e79838f9ea4ec4f35b1e69ea48a31eca&r=1471227792 HTTP/1.1" 200 2157
2016/08/15 10:23:13 AM "POST /cgi-bin/mmwebwx-bin/webwxbatchgetcontact?type=ex&r=1471227793&pass_ticket=7IfUspcvYdDSJCaD25v6abmdV3TZxEM7IDv5bOWHXPU%3D HTTP/1.1" 200 69
2016/08/15 10:23:13 AM [INFO] begin to record {"status": 1, "uuid": "oaYU_OJgTA==", "pid": 11776, "uin": "73909470", "nickname": "test", "desc": "processing"}
2016/08/15 10:23:13 AM [INFO] Get 8 contacts
2016/08/15 10:23:13 AM [INFO] Start to process messages .
2016/08/15 10:23:13 AM Starting new HTTPS connection (1): webpush.weixin.qq.com
2016/08/15 10:23:13 AM "GET /cgi-bin/mmwebwx-bin/synccheck?synckey=1_660887652%7C2_660887848%7C3_660887842%7C1000_1471222981&skey=%40crypt_e96abede_e79838f9ea4ec4f35b1e69ea48a31eca&uin=73909470&r=1471227793&deviceid=e765412367324764&sid=J5t0TpDfIzaaYkTd&_=1471227793 HTTP/1.1" 200 43
2016/08/15 10:23:13 AM "GET /cgi-bin/mmwebwx-bin/synccheck?synckey=1_660887652%7C2_660887848%7C3_660887842%7C1000_1471222981&skey=%40crypt_e96abede_e79838f9ea4ec4f35b1e69ea48a31eca&uin=73909470&r=1471227793&deviceid=e765412367324764&sid=J5t0TpDfIzaaYkTd&_=1471227793 HTTP/1.1" 200 43
2016/08/15 10:23:13 AM "POST /cgi-bin/mmwebwx-bin/webwxsync?sid=J5t0TpDfIzaaYkTd&skey=@crypt_e96abede_e79838f9ea4ec4f35b1e69ea48a31eca&lang=en_US&pass_ticket=7IfUspcvYdDSJCaD25v6abmdV3TZxEM7IDv5bOWHXPU%3D HTTP/1.1" 200 328
2016/08/15 10:23:14 AM "GET /cgi-bin/mmwebwx-bin/synccheck?synckey=1_660887652%7C2_660887849%7C3_660887842%7C11_660880119%7C13_660880119%7C1000_1471222981%7C1001_1471223011%7C1003_1470643960&skey=%40crypt_e96abede_e79838f9ea4ec4f35b1e69ea48a31eca&uin=73909470&r=1471227794&deviceid=e765412367324764&sid=J5t0TpDfIzaaYkTd&_=1471227794 HTTP/1.1" 200 43
2016/08/15 10:23:14 AM "POST /cgi-bin/mmwebwx-bin/webwxsync?sid=J5t0TpDfIzaaYkTd&skey=@crypt_e96abede_e79838f9ea4ec4f35b1e69ea48a31eca&lang=en_US&pass_ticket=7IfUspcvYdDSJCaD25v6abmdV3TZxEM7IDv5bOWHXPU%3D HTTP/1.1" 200 1510
2016/08/15 10:23:16 AM {u'auto_add': 1, u'reply_rules': [{u'keywords': u'', u'reply': [{u'content': u'\u4e0d\u8981\u7ed9\u6211\u7559\u8a00', u'type': u'text'}, {u'content': u'upload/1470982086.jpg', u'type': u'image'}], u'msg_type': u'add'}, {u'keywords': u'\u4f60\u597d', u'reply': [{u'content': u'\u4e0d\u8981\u7ed9\u6211\u7559\u8a00', u'type': u'text'}, {u'content': u'upload/1470982086.jpg', u'type': u'image'}], u'msg_type': u'text'}]}
2016/08/15 10:23:17 AM {u'auto_add': 1, u'reply_rules': [{u'keywords': u'', u'reply': [{u'content': u'\u4e0d\u8981\u7ed9\u6211\u7559\u8a00', u'type': u'text'}, {u'content': u'upload/1470982086.jpg', u'type': u'image'}], u'msg_type': u'add'}, {u'keywords': u'\u4f60\u597d', u'reply': [{u'content': u'\u4e0d\u8981\u7ed9\u6211\u7559\u8a00', u'type': u'text'}, {u'content': u'upload/1470982086.jpg', u'type': u'image'}], u'msg_type': u'text'}]}
2016/08/15 10:23:17 AM "GET /cgi-bin/mmwebwx-bin/synccheck?synckey=1_660887652%7C2_660887851%7C3_660887842%7C11_660880119%7C13_660880119%7C201_1471227785%7C1000_1471222981%7C1001_1471223011%7C1003_1470643960&skey=%40crypt_e96abede_e79838f9ea4ec4f35b1e69ea48a31eca&uin=73909470&r=1471227797&deviceid=e765412367324764&sid=J5t0TpDfIzaaYkTd&_=1471227797 HTTP/1.1" 200 43
2016/08/15 10:23:17 AM "POST /cgi-bin/mmwebwx-bin/webwxsync?sid=J5t0TpDfIzaaYkTd&skey=@crypt_e96abede_e79838f9ea4ec4f35b1e69ea48a31eca&lang=en_US&pass_ticket=7IfUspcvYdDSJCaD25v6abmdV3TZxEM7IDv5bOWHXPU%3D HTTP/1.1" 200 1455
2016/08/15 10:23:17 AM {u'auto_add': 1, u'reply_rules': [{u'keywords': u'', u'reply': [{u'content': u'\u4e0d\u8981\u7ed9\u6211\u7559\u8a00', u'type': u'text'}, {u'content': u'upload/1470982086.jpg', u'type': u'image'}], u'msg_type': u'add'}, {u'keywords': u'\u4f60\u597d', u'reply': [{u'content': u'\u4e0d\u8981\u7ed9\u6211\u7559\u8a00', u'type': u'text'}, {u'content': u'upload/1470982086.jpg', u'type': u'image'}], u'msg_type': u'text'}]}
2016/08/15 10:23:45 AM "GET /cgi-bin/mmwebwx-bin/synccheck?synckey=1_660887652%7C2_660887852%7C3_660887842%7C11_660880119%7C13_660880119%7C201_1471227786%7C1000_1471222981%7C1001_1471223011%7C1003_1470643960&skey=%40crypt_e96abede_e79838f9ea4ec4f35b1e69ea48a31eca&uin=73909470&r=1471227798&deviceid=e765412367324764&sid=J5t0TpDfIzaaYkTd&_=1471227798 HTTP/1.1" 200 43
2016/08/15 10:23:54 AM "GET /cgi-bin/mmwebwx-bin/synccheck?synckey=1_660887652%7C2_660887852%7C3_660887842%7C11_660880119%7C13_660880119%7C201_1471227786%7C1000_1471222981%7C1001_1471223011%7C1003_1470643960&skey=%40crypt_e96abede_e79838f9ea4ec4f35b1e69ea48a31eca&uin=73909470&r=1471227825&deviceid=e765412367324764&sid=J5t0TpDfIzaaYkTd&_=1471227825 HTTP/1.1" 200 43
2016/08/15 10:23:54 AM Resetting dropped connection: wx.qq.com
2016/08/15 10:23:54 AM "POST /cgi-bin/mmwebwx-bin/webwxsync?sid=J5t0TpDfIzaaYkTd&skey=@crypt_e96abede_e79838f9ea4ec4f35b1e69ea48a31eca&lang=en_US&pass_ticket=7IfUspcvYdDSJCaD25v6abmdV3TZxEM7IDv5bOWHXPU%3D HTTP/1.1" 200 731
2016/08/15 10:23:54 AM {u'auto_add': 1, u'reply_rules': [{u'keywords': u'', u'reply': [{u'content': u'\u4e0d\u8981\u7ed9\u6211\u7559\u8a00', u'type': u'text'}, {u'content': u'upload/1470982086.jpg', u'type': u'image'}], u'msg_type': u'add'}, {u'keywords': u'\u4f60\u597d', u'reply': [{u'content': u'\u4e0d\u8981\u7ed9\u6211\u7559\u8a00', u'type': u'text'}, {u'content': u'upload/1470982086.jpg', u'type': u'image'}], u'msg_type': u'text'}]}
2016/08/15 10:23:59 AM "GET /cgi-bin/mmwebwx-bin/synccheck?synckey=1_660887652%7C2_660887853%7C3_660887842%7C11_660880119%7C13_660880119%7C201_1471227825%7C1000_1471222981%7C1001_1471223011%7C1003_1470643960&skey=%40crypt_e96abede_e79838f9ea4ec4f35b1e69ea48a31eca&uin=73909470&r=1471227834&deviceid=e765412367324764&sid=J5t0TpDfIzaaYkTd&_=1471227834 HTTP/1.1" 200 43
2016/08/15 10:23:59 AM "POST /cgi-bin/mmwebwx-bin/webwxsync?sid=J5t0TpDfIzaaYkTd&skey=@crypt_e96abede_e79838f9ea4ec4f35b1e69ea48a31eca&lang=en_US&pass_ticket=7IfUspcvYdDSJCaD25v6abmdV3TZxEM7IDv5bOWHXPU%3D HTTP/1.1" 200 382
2016/08/15 10:24:14 AM "GET /cgi-bin/mmwebwx-bin/synccheck?synckey=1_660887652%7C2_660887853%7C3_660887854%7C11_660880119%7C13_660880119%7C201_1471227825%7C202_1471227831%7C1000_1471222981%7C1001_1471223011%7C1003_1470643960&skey=%40crypt_e96abede_e79838f9ea4ec4f35b1e69ea48a31eca&uin=73909470&r=1471227840&deviceid=e765412367324764&sid=J5t0TpDfIzaaYkTd&_=1471227840 HTTP/1.1" 200 43
2016/08/15 10:24:14 AM Resetting dropped connection: wx.qq.com
2016/08/15 10:24:14 AM "POST /cgi-bin/mmwebwx-bin/webwxsync?sid=J5t0TpDfIzaaYkTd&skey=@crypt_e96abede_e79838f9ea4ec4f35b1e69ea48a31eca&lang=en_US&pass_ticket=7IfUspcvYdDSJCaD25v6abmdV3TZxEM7IDv5bOWHXPU%3D HTTP/1.1" 200 1467
2016/08/15 10:24:14 AM [MSG] unknown:
2016/08/15 10:24:14 AM     [Recommend]
2016/08/15 10:24:14 AM     -----------------------------
2016/08/15 10:24:14 AM     | NickName: Peter Kwok
2016/08/15 10:24:14 AM     | Alias: 
2016/08/15 10:24:14 AM     | Local: Hunan Changsha
2016/08/15 10:24:14 AM     | Gender: male
2016/08/15 10:24:14 AM     -----------------------------
2016/08/15 10:24:14 AM {u'auto_add': 1, u'reply_rules': [{u'keywords': u'', u'reply': [{u'content': u'\u4e0d\u8981\u7ed9\u6211\u7559\u8a00', u'type': u'text'}, {u'content': u'upload/1470982086.jpg', u'type': u'image'}], u'msg_type': u'add'}, {u'keywords': u'\u4f60\u597d', u'reply': [{u'content': u'\u4e0d\u8981\u7ed9\u6211\u7559\u8a00', u'type': u'text'}, {u'content': u'upload/1470982086.jpg', u'type': u'image'}], u'msg_type': u'text'}]}
2016/08/15 10:24:14 AM 好友请求:Peter Kwok
2016/08/15 10:24:14 AM "POST /cgi-bin/mmwebwx-bin/webwxstatusnotify HTTP/1.1" 200 71
2016/08/15 10:24:14 AM <Response [200]>
2016/08/15 10:24:15 AM "POST /cgi-bin/mmwebwx-bin/webwxverifyuser?r=14712278548430685 HTTP/1.1" 200 46
2016/08/15 10:24:15 AM <Response [200]>
2016/08/15 10:24:15 AM 自动通过好友请求
2016/08/15 10:24:15 AM "POST /cgi-bin/mmwebwx-bin/webwxsendmsg?pass_ticket=7IfUspcvYdDSJCaD25v6abmdV3TZxEM7IDv5bOWHXPU%3D HTTP/1.1" 200 98
2016/08/15 10:24:15 AM <Response [200]>
2016/08/15 10:24:15 AM Starting new HTTPS connection (1): file.wx.qq.com
2016/08/15 10:24:15 AM "POST /cgi-bin/mmwebwx-bin/webwxuploadmedia?f=json HTTP/1.1" 200 821
2016/08/15 10:24:15 AM {
"BaseResponse": {
"Ret": 0,
"ErrMsg": ""
}
,
"MediaId": "@crypt_e20e15e9_012e70ec43767f74c0020fb0b6f75197ba2060239397a388c0445104cd27522f173d39004e9b3a5e2688ff5304d709b1c0d9165d253ec6d31b8b1c40ae0bc10cdcf9437c7372c5fee226f739f852148d5ca0d37b86a44fef67acb1002a13cc1d89464eafdfc931f3be25bb91ebd697bf55f6f4b323e7ca6eb8975ce401ac10ee940f1913137718bd08ed1ce1f38a70550085bf4f67b6824e0bb152829431a8778feed3002c3d4ec4b53ca1758d29bb3812689b7fe29a1223b55a4c97ea8bfb40922c2ad431a3af2d59e10a5bc7f900059ac6fbbedd3aa907c00f4024ae10520d9694c8cc69bc1a17490ca0b4bd719f59f328cd576dca1a2a2193700bc57dd9bb7e827e2e7c386c145164ce0fb567875bca54858ae034c4063e9686dbed13be2592cad34f2e1987136b5b27108b57df11fbcb1a8c0a4d0020a2cf7557476321767aaf858b318cbd47c79dc77b7874005e",
"StartPos": 15450,
"CDNThumbImgHeight": 100,
"CDNThumbImgWidth": 100
}

2016/08/15 10:24:15 AM "POST /cgi-bin/mmwebwx-bin/webwxsendmsgimg?fun=async&f=json HTTP/1.1" 200 99
2016/08/15 10:24:15 AM {u'MsgID': u'1355800828871315702', u'LocalID': u'1.47122785575e+16', u'BaseResponse': {u'ErrMsg': u'', u'Ret': 0}}
2016/08/15 10:24:15 AM "GET /cgi-bin/mmwebwx-bin/synccheck?synckey=1_660887652%7C2_660887856%7C3_660887854%7C11_660880119%7C13_660880119%7C201_1471227846%7C202_1471227831%7C1000_1471222981%7C1001_1471223011%7C1003_1470643960&skey=%40crypt_e96abede_e79838f9ea4ec4f35b1e69ea48a31eca&uin=73909470&r=1471227855&deviceid=e765412367324764&sid=J5t0TpDfIzaaYkTd&_=1471227855 HTTP/1.1" 200 43
2016/08/15 10:24:16 AM "POST /cgi-bin/mmwebwx-bin/webwxsync?sid=J5t0TpDfIzaaYkTd&skey=@crypt_e96abede_e79838f9ea4ec4f35b1e69ea48a31eca&lang=en_US&pass_ticket=7IfUspcvYdDSJCaD25v6abmdV3TZxEM7IDv5bOWHXPU%3D HTTP/1.1" 200 666
2016/08/15 10:24:16 AM "GET /cgi-bin/mmwebwx-bin/synccheck?synckey=1_660887652%7C2_660887861%7C3_660887858%7C11_660880119%7C13_660880119%7C201_1471227846%7C202_1471227846%7C1000_1471222981%7C1001_1471223011%7C1003_1470643960&skey=%40crypt_e96abede_e79838f9ea4ec4f35b1e69ea48a31eca&uin=73909470&r=1471227856&deviceid=e765412367324764&sid=J5t0TpDfIzaaYkTd&_=1471227856 HTTP/1.1" 200 43
2016/08/15 10:24:17 AM "POST /cgi-bin/mmwebwx-bin/webwxsync?sid=J5t0TpDfIzaaYkTd&skey=@crypt_e96abede_e79838f9ea4ec4f35b1e69ea48a31eca&lang=en_US&pass_ticket=7IfUspcvYdDSJCaD25v6abmdV3TZxEM7IDv5bOWHXPU%3D HTTP/1.1" 200 339
2016/08/15 10:24:17 AM "GET /cgi-bin/mmwebwx-bin/synccheck?synckey=1_660887652%7C2_660887861%7C3_660887858%7C11_660880119%7C13_660880119%7C201_1471227846%7C202_1471227846%7C1000_1471222981%7C1001_1471223011%7C1003_1470643960&skey=%40crypt_e96abede_e79838f9ea4ec4f35b1e69ea48a31eca&uin=73909470&r=1471227857&deviceid=e765412367324764&sid=J5t0TpDfIzaaYkTd&_=1471227857 HTTP/1.1" 200 43
2016/08/15 10:24:18 AM "POST /cgi-bin/mmwebwx-bin/webwxsync?sid=J5t0TpDfIzaaYkTd&skey=@crypt_e96abede_e79838f9ea4ec4f35b1e69ea48a31eca&lang=en_US&pass_ticket=7IfUspcvYdDSJCaD25v6abmdV3TZxEM7IDv5bOWHXPU%3D HTTP/1.1" 200 339
2016/08/15 10:24:18 AM "GET /cgi-bin/mmwebwx-bin/synccheck?synckey=1_660887652%7C2_660887861%7C3_660887858%7C11_660880119%7C13_660880119%7C201_1471227846%7C202_1471227846%7C1000_1471222981%7C1001_1471223011%7C1003_1470643960&skey=%40crypt_e96abede_e79838f9ea4ec4f35b1e69ea48a31eca&uin=73909470&r=1471227858&deviceid=e765412367324764&sid=J5t0TpDfIzaaYkTd&_=1471227858 HTTP/1.1" 200 43
2016/08/15 10:24:19 AM "POST /cgi-bin/mmwebwx-bin/webwxsync?sid=J5t0TpDfIzaaYkTd&skey=@crypt_e96abede_e79838f9ea4ec4f35b1e69ea48a31eca&lang=en_US&pass_ticket=7IfUspcvYdDSJCaD25v6abmdV3TZxEM7IDv5bOWHXPU%3D HTTP/1.1" 200 339
2016/08/15 10:24:19 AM "GET /cgi-bin/mmwebwx-bin/synccheck?synckey=1_660887652%7C2_660887861%7C3_660887858%7C11_660880119%7C13_660880119%7C201_1471227846%7C202_1471227846%7C1000_1471222981%7C1001_1471223011%7C1003_1470643960&skey=%40crypt_e96abede_e79838f9ea4ec4f35b1e69ea48a31eca&uin=73909470&r=1471227859&deviceid=e765412367324764&sid=J5t0TpDfIzaaYkTd&_=1471227859 HTTP/1.1" 200 43
2016/08/15 10:24:20 AM "POST /cgi-bin/mmwebwx-bin/webwxsync?sid=J5t0TpDfIzaaYkTd&skey=@crypt_e96abede_e79838f9ea4ec4f35b1e69ea48a31eca&lang=en_US&pass_ticket=7IfUspcvYdDSJCaD25v6abmdV3TZxEM7IDv5bOWHXPU%3D HTTP/1.1" 200 339
2016/08/15 10:24:20 AM "GET /cgi-bin/mmwebwx-bin/synccheck?synckey=1_660887652%7C2_660887861%7C3_660887858%7C11_660880119%7C13_660880119%7C201_1471227846%7C202_1471227846%7C1000_1471222981%7C1001_1471223011%7C1003_1470643960&skey=%40crypt_e96abede_e79838f9ea4ec4f35b1e69ea48a31eca&uin=73909470&r=1471227860&deviceid=e765412367324764&sid=J5t0TpDfIzaaYkTd&_=1471227860 HTTP/1.1" 200 43
2016/08/15 10:24:21 AM "POST /cgi-bin/mmwebwx-bin/webwxsync?sid=J5t0TpDfIzaaYkTd&skey=@crypt_e96abede_e79838f9ea4ec4f35b1e69ea48a31eca&lang=en_US&pass_ticket=7IfUspcvYdDSJCaD25v6abmdV3TZxEM7IDv5bOWHXPU%3D HTTP/1.1" 200 339
2016/08/15 10:24:21 AM "GET /cgi-bin/mmwebwx-bin/synccheck?synckey=1_660887652%7C2_660887861%7C3_660887858%7C11_660880119%7C13_660880119%7C201_1471227846%7C202_1471227846%7C1000_1471222981%7C1001_1471223011%7C1003_1470643960&skey=%40crypt_e96abede_e79838f9ea4ec4f35b1e69ea48a31eca&uin=73909470&r=1471227861&deviceid=e765412367324764&sid=J5t0TpDfIzaaYkTd&_=1471227861 HTTP/1.1" 200 43
2016/08/15 10:24:22 AM "POST /cgi-bin/mmwebwx-bin/webwxsync?sid=J5t0TpDfIzaaYkTd&skey=@crypt_e96abede_e79838f9ea4ec4f35b1e69ea48a31eca&lang=en_US&pass_ticket=7IfUspcvYdDSJCaD25v6abmdV3TZxEM7IDv5bOWHXPU%3D HTTP/1.1" 200 339
2016/08/15 10:24:22 AM "GET /cgi-bin/mmwebwx-bin/synccheck?synckey=1_660887652%7C2_660887861%7C3_660887858%7C11_660880119%7C13_660880119%7C201_1471227846%7C202_1471227846%7C1000_1471222981%7C1001_1471223011%7C1003_1470643960&skey=%40crypt_e96abede_e79838f9ea4ec4f35b1e69ea48a31eca&uin=73909470&r=1471227862&deviceid=e765412367324764&sid=J5t0TpDfIzaaYkTd&_=1471227862 HTTP/1.1" 200 43
2016/08/15 10:24:23 AM "POST /cgi-bin/mmwebwx-bin/webwxsync?sid=J5t0TpDfIzaaYkTd&skey=@crypt_e96abede_e79838f9ea4ec4f35b1e69ea48a31eca&lang=en_US&pass_ticket=7IfUspcvYdDSJCaD25v6abmdV3TZxEM7IDv5bOWHXPU%3D HTTP/1.1" 200 339
2016/08/15 10:24:23 AM "GET /cgi-bin/mmwebwx-bin/synccheck?synckey=1_660887652%7C2_660887861%7C3_660887858%7C11_660880119%7C13_660880119%7C201_1471227846%7C202_1471227846%7C1000_1471222981%7C1001_1471223011%7C1003_1470643960&skey=%40crypt_e96abede_e79838f9ea4ec4f35b1e69ea48a31eca&uin=73909470&r=1471227863&deviceid=e765412367324764&sid=J5t0TpDfIzaaYkTd&_=1471227863 HTTP/1.1" 200 43
2016/08/15 10:24:24 AM "POST /cgi-bin/mmwebwx-bin/webwxsync?sid=J5t0TpDfIzaaYkTd&skey=@crypt_e96abede_e79838f9ea4ec4f35b1e69ea48a31eca&lang=en_US&pass_ticket=7IfUspcvYdDSJCaD25v6abmdV3TZxEM7IDv5bOWHXPU%3D HTTP/1.1" 200 339
2016/08/15 10:24:25 AM "GET /cgi-bin/mmwebwx-bin/synccheck?synckey=1_660887652%7C2_660887861%7C3_660887858%7C11_660880119%7C13_660880119%7C201_1471227846%7C202_1471227846%7C1000_1471222981%7C1001_1471223011%7C1003_1470643960&skey=%40crypt_e96abede_e79838f9ea4ec4f35b1e69ea48a31eca&uin=73909470&r=1471227864&deviceid=e765412367324764&sid=J5t0TpDfIzaaYkTd&_=1471227864 HTTP/1.1" 200 43
2016/08/15 10:24:25 AM "POST /cgi-bin/mmwebwx-bin/webwxsync?sid=J5t0TpDfIzaaYkTd&skey=@crypt_e96abede_e79838f9ea4ec4f35b1e69ea48a31eca&lang=en_US&pass_ticket=7IfUspcvYdDSJCaD25v6abmdV3TZxEM7IDv5bOWHXPU%3D HTTP/1.1" 200 339
2016/08/15 10:24:26 AM "GET /cgi-bin/mmwebwx-bin/synccheck?synckey=1_660887652%7C2_660887861%7C3_660887858%7C11_660880119%7C13_660880119%7C201_1471227846%7C202_1471227846%7C1000_1471222981%7C1001_1471223011%7C1003_1470643960&skey=%40crypt_e96abede_e79838f9ea4ec4f35b1e69ea48a31eca&uin=73909470&r=1471227865&deviceid=e765412367324764&sid=J5t0TpDfIzaaYkTd&_=1471227865 HTTP/1.1" 200 43
2016/08/15 10:24:26 AM "POST /cgi-bin/mmwebwx-bin/webwxsync?sid=J5t0TpDfIzaaYkTd&skey=@crypt_e96abede_e79838f9ea4ec4f35b1e69ea48a31eca&lang=en_US&pass_ticket=7IfUspcvYdDSJCaD25v6abmdV3TZxEM7IDv5bOWHXPU%3D HTTP/1.1" 200 339
2016/08/15 10:24:27 AM "GET /cgi-bin/mmwebwx-bin/synccheck?synckey=1_660887652%7C2_660887861%7C3_660887858%7C11_660880119%7C13_660880119%7C201_1471227846%7C202_1471227846%7C1000_1471222981%7C1001_1471223011%7C1003_1470643960&skey=%40crypt_e96abede_e79838f9ea4ec4f35b1e69ea48a31eca&uin=73909470&r=1471227866&deviceid=e765412367324764&sid=J5t0TpDfIzaaYkTd&_=1471227866 HTTP/1.1" 200 43
2016/08/15 10:24:27 AM "POST /cgi-bin/mmwebwx-bin/webwxsync?sid=J5t0TpDfIzaaYkTd&skey=@crypt_e96abede_e79838f9ea4ec4f35b1e69ea48a31eca&lang=en_US&pass_ticket=7IfUspcvYdDSJCaD25v6abmdV3TZxEM7IDv5bOWHXPU%3D HTTP/1.1" 200 339
2016/08/15 10:24:28 AM "GET /cgi-bin/mmwebwx-bin/synccheck?synckey=1_660887652%7C2_660887861%7C3_660887858%7C11_660880119%7C13_660880119%7C201_1471227846%7C202_1471227846%7C1000_1471222981%7C1001_1471223011%7C1003_1470643960&skey=%40crypt_e96abede_e79838f9ea4ec4f35b1e69ea48a31eca&uin=73909470&r=1471227868&deviceid=e765412367324764&sid=J5t0TpDfIzaaYkTd&_=1471227868 HTTP/1.1" 200 43
2016/08/15 10:24:28 AM "POST /cgi-bin/mmwebwx-bin/webwxsync?sid=J5t0TpDfIzaaYkTd&skey=@crypt_e96abede_e79838f9ea4ec4f35b1e69ea48a31eca&lang=en_US&pass_ticket=7IfUspcvYdDSJCaD25v6abmdV3TZxEM7IDv5bOWHXPU%3D HTTP/1.1" 200 339
2016/08/15 10:24:29 AM "GET /cgi-bin/mmwebwx-bin/synccheck?synckey=1_660887652%7C2_660887861%7C3_660887858%7C11_660880119%7C13_660880119%7C201_1471227846%7C202_1471227846%7C1000_1471222981%7C1001_1471223011%7C1003_1470643960&skey=%40crypt_e96abede_e79838f9ea4ec4f35b1e69ea48a31eca&uin=73909470&r=1471227869&deviceid=e765412367324764&sid=J5t0TpDfIzaaYkTd&_=1471227869 HTTP/1.1" 200 43
2016/08/15 10:24:29 AM "POST /cgi-bin/mmwebwx-bin/webwxsync?sid=J5t0TpDfIzaaYkTd&skey=@crypt_e96abede_e79838f9ea4ec4f35b1e69ea48a31eca&lang=en_US&pass_ticket=7IfUspcvYdDSJCaD25v6abmdV3TZxEM7IDv5bOWHXPU%3D HTTP/1.1" 200 339
2016/08/15 10:24:30 AM "GET /cgi-bin/mmwebwx-bin/synccheck?synckey=1_660887652%7C2_660887861%7C3_660887858%7C11_660880119%7C13_660880119%7C201_1471227846%7C202_1471227846%7C1000_1471222981%7C1001_1471223011%7C1003_1470643960&skey=%40crypt_e96abede_e79838f9ea4ec4f35b1e69ea48a31eca&uin=73909470&r=1471227870&deviceid=e765412367324764&sid=J5t0TpDfIzaaYkTd&_=1471227870 HTTP/1.1" 200 43
2016/08/15 10:24:30 AM "POST /cgi-bin/mmwebwx-bin/webwxsync?sid=J5t0TpDfIzaaYkTd&skey=@crypt_e96abede_e79838f9ea4ec4f35b1e69ea48a31eca&lang=en_US&pass_ticket=7IfUspcvYdDSJCaD25v6abmdV3TZxEM7IDv5bOWHXPU%3D HTTP/1.1" 200 339
2016/08/15 10:24:31 AM "GET /cgi-bin/mmwebwx-bin/synccheck?synckey=1_660887652%7C2_660887861%7C3_660887858%7C11_660880119%7C13_660880119%7C201_1471227846%7C202_1471227846%7C1000_1471222981%7C1001_1471223011%7C1003_1470643960&skey=%40crypt_e96abede_e79838f9ea4ec4f35b1e69ea48a31eca&uin=73909470&r=1471227871&deviceid=e765412367324764&sid=J5t0TpDfIzaaYkTd&_=1471227871 HTTP/1.1" 200 43
2016/08/15 10:24:31 AM "POST /cgi-bin/mmwebwx-bin/webwxsync?sid=J5t0TpDfIzaaYkTd&skey=@crypt_e96abede_e79838f9ea4ec4f35b1e69ea48a31eca&lang=en_US&pass_ticket=7IfUspcvYdDSJCaD25v6abmdV3TZxEM7IDv5bOWHXPU%3D HTTP/1.1" 200 339
2016/08/15 10:24:32 AM "GET /cgi-bin/mmwebwx-bin/synccheck?synckey=1_660887652%7C2_660887861%7C3_660887858%7C11_660880119%7C13_660880119%7C201_1471227846%7C202_1471227846%7C1000_1471222981%7C1001_1471223011%7C1003_1470643960&skey=%40crypt_e96abede_e79838f9ea4ec4f35b1e69ea48a31eca&uin=73909470&r=1471227872&deviceid=e765412367324764&sid=J5t0TpDfIzaaYkTd&_=1471227872 HTTP/1.1" 200 43
2016/08/15 10:24:32 AM "POST /cgi-bin/mmwebwx-bin/webwxsync?sid=J5t0TpDfIzaaYkTd&skey=@crypt_e96abede_e79838f9ea4ec4f35b1e69ea48a31eca&lang=en_US&pass_ticket=7IfUspcvYdDSJCaD25v6abmdV3TZxEM7IDv5bOWHXPU%3D HTTP/1.1" 200 339
2016/08/15 10:24:33 AM "GET /cgi-bin/mmwebwx-bin/synccheck?synckey=1_660887652%7C2_660887861%7C3_660887858%7C11_660880119%7C13_660880119%7C201_1471227846%7C202_1471227846%7C1000_1471222981%7C1001_1471223011%7C1003_1470643960&skey=%40crypt_e96abede_e79838f9ea4ec4f35b1e69ea48a31eca&uin=73909470&r=1471227873&deviceid=e765412367324764&sid=J5t0TpDfIzaaYkTd&_=1471227873 HTTP/1.1" 200 43
2016/08/15 10:24:33 AM "POST /cgi-bin/mmwebwx-bin/webwxsync?sid=J5t0TpDfIzaaYkTd&skey=@crypt_e96abede_e79838f9ea4ec4f35b1e69ea48a31eca&lang=en_US&pass_ticket=7IfUspcvYdDSJCaD25v6abmdV3TZxEM7IDv5bOWHXPU%3D HTTP/1.1" 200 339
2016/08/15 10:24:34 AM "GET /cgi-bin/mmwebwx-bin/synccheck?synckey=1_660887652%7C2_660887861%7C3_660887858%7C11_660880119%7C13_660880119%7C201_1471227846%7C202_1471227846%7C1000_1471222981%7C1001_1471223011%7C1003_1470643960&skey=%40crypt_e96abede_e79838f9ea4ec4f35b1e69ea48a31eca&uin=73909470&r=1471227874&deviceid=e765412367324764&sid=J5t0TpDfIzaaYkTd&_=1471227874 HTTP/1.1" 200 43
2016/08/15 10:24:34 AM "POST /cgi-bin/mmwebwx-bin/webwxsync?sid=J5t0TpDfIzaaYkTd&skey=@crypt_e96abede_e79838f9ea4ec4f35b1e69ea48a31eca&lang=en_US&pass_ticket=7IfUspcvYdDSJCaD25v6abmdV3TZxEM7IDv5bOWHXPU%3D HTTP/1.1" 200 339
2016/08/15 10:24:35 AM "GET /cgi-bin/mmwebwx-bin/synccheck?synckey=1_660887652%7C2_660887861%7C3_660887858%7C11_660880119%7C13_660880119%7C201_1471227846%7C202_1471227846%7C1000_1471222981%7C1001_1471223011%7C1003_1470643960&skey=%40crypt_e96abede_e79838f9ea4ec4f35b1e69ea48a31eca&uin=73909470&r=1471227875&deviceid=e765412367324764&sid=J5t0TpDfIzaaYkTd&_=1471227875 HTTP/1.1" 200 43
2016/08/15 10:24:35 AM "POST /cgi-bin/mmwebwx-bin/webwxsync?sid=J5t0TpDfIzaaYkTd&skey=@crypt_e96abede_e79838f9ea4ec4f35b1e69ea48a31eca&lang=en_US&pass_ticket=7IfUspcvYdDSJCaD25v6abmdV3TZxEM7IDv5bOWHXPU%3D HTTP/1.1" 200 339
2016/08/15 10:24:36 AM "GET /cgi-bin/mmwebwx-bin/synccheck?synckey=1_660887652%7C2_660887861%7C3_660887858%7C11_660880119%7C13_660880119%7C201_1471227846%7C202_1471227846%7C1000_1471222981%7C1001_1471223011%7C1003_1470643960&skey=%40crypt_e96abede_e79838f9ea4ec4f35b1e69ea48a31eca&uin=73909470&r=1471227876&deviceid=e765412367324764&sid=J5t0TpDfIzaaYkTd&_=1471227876 HTTP/1.1" 200 43
2016/08/15 10:24:36 AM "POST /cgi-bin/mmwebwx-bin/webwxsync?sid=J5t0TpDfIzaaYkTd&skey=@crypt_e96abede_e79838f9ea4ec4f35b1e69ea48a31eca&lang=en_US&pass_ticket=7IfUspcvYdDSJCaD25v6abmdV3TZxEM7IDv5bOWHXPU%3D HTTP/1.1" 200 339
2016/08/15 10:24:37 AM "GET /cgi-bin/mmwebwx-bin/synccheck?synckey=1_660887652%7C2_660887861%7C3_660887858%7C11_660880119%7C13_660880119%7C201_1471227846%7C202_1471227846%7C1000_1471222981%7C1001_1471223011%7C1003_1470643960&skey=%40crypt_e96abede_e79838f9ea4ec4f35b1e69ea48a31eca&uin=73909470&r=1471227877&deviceid=e765412367324764&sid=J5t0TpDfIzaaYkTd&_=1471227877 HTTP/1.1" 200 43
2016/08/15 10:24:37 AM "POST /cgi-bin/mmwebwx-bin/webwxsync?sid=J5t0TpDfIzaaYkTd&skey=@crypt_e96abede_e79838f9ea4ec4f35b1e69ea48a31eca&lang=en_US&pass_ticket=7IfUspcvYdDSJCaD25v6abmdV3TZxEM7IDv5bOWHXPU%3D HTTP/1.1" 200 339
2016/08/15 10:24:38 AM "GET /cgi-bin/mmwebwx-bin/synccheck?synckey=1_660887652%7C2_660887861%7C3_660887858%7C11_660880119%7C13_660880119%7C201_1471227846%7C202_1471227846%7C1000_1471222981%7C1001_1471223011%7C1003_1470643960&skey=%40crypt_e96abede_e79838f9ea4ec4f35b1e69ea48a31eca&uin=73909470&r=1471227878&deviceid=e765412367324764&sid=J5t0TpDfIzaaYkTd&_=1471227878 HTTP/1.1" 200 43
2016/08/15 10:24:38 AM "POST /cgi-bin/mmwebwx-bin/webwxsync?sid=J5t0TpDfIzaaYkTd&skey=@crypt_e96abede_e79838f9ea4ec4f35b1e69ea48a31eca&lang=en_US&pass_ticket=7IfUspcvYdDSJCaD25v6abmdV3TZxEM7IDv5bOWHXPU%3D HTTP/1.1" 200 339
2016/08/15 10:24:39 AM "GET /cgi-bin/mmwebwx-bin/synccheck?synckey=1_660887652%7C2_660887861%7C3_660887858%7C11_660880119%7C13_660880119%7C201_1471227846%7C202_1471227846%7C1000_1471222981%7C1001_1471223011%7C1003_1470643960&skey=%40crypt_e96abede_e79838f9ea4ec4f35b1e69ea48a31eca&uin=73909470&r=1471227879&deviceid=e765412367324764&sid=J5t0TpDfIzaaYkTd&_=1471227879 HTTP/1.1" 200 43
2016/08/15 10:24:39 AM "POST /cgi-bin/mmwebwx-bin/webwxsync?sid=J5t0TpDfIzaaYkTd&skey=@crypt_e96abede_e79838f9ea4ec4f35b1e69ea48a31eca&lang=en_US&pass_ticket=7IfUspcvYdDSJCaD25v6abmdV3TZxEM7IDv5bOWHXPU%3D HTTP/1.1" 200 339
2016/08/15 10:24:40 AM "GET /cgi-bin/mmwebwx-bin/synccheck?synckey=1_660887652%7C2_660887861%7C3_660887858%7C11_660880119%7C13_660880119%7C201_1471227846%7C202_1471227846%7C1000_1471222981%7C1001_1471223011%7C1003_1470643960&skey=%40crypt_e96abede_e79838f9ea4ec4f35b1e69ea48a31eca&uin=73909470&r=1471227880&deviceid=e765412367324764&sid=J5t0TpDfIzaaYkTd&_=1471227880 HTTP/1.1" 200 43
2016/08/15 10:24:40 AM "POST /cgi-bin/mmwebwx-bin/webwxsync?sid=J5t0TpDfIzaaYkTd&skey=@crypt_e96abede_e79838f9ea4ec4f35b1e69ea48a31eca&lang=en_US&pass_ticket=7IfUspcvYdDSJCaD25v6abmdV3TZxEM7IDv5bOWHXPU%3D HTTP/1.1" 200 339
2016/08/15 10:24:41 AM "GET /cgi-bin/mmwebwx-bin/synccheck?synckey=1_660887652%7C2_660887861%7C3_660887858%7C11_660880119%7C13_660880119%7C201_1471227846%7C202_1471227846%7C1000_1471222981%7C1001_1471223011%7C1003_1470643960&skey=%40crypt_e96abede_e79838f9ea4ec4f35b1e69ea48a31eca&uin=73909470&r=1471227881&deviceid=e765412367324764&sid=J5t0TpDfIzaaYkTd&_=1471227881 HTTP/1.1" 200 43
2016/08/15 10:24:41 AM "POST /cgi-bin/mmwebwx-bin/webwxsync?sid=J5t0TpDfIzaaYkTd&skey=@crypt_e96abede_e79838f9ea4ec4f35b1e69ea48a31eca&lang=en_US&pass_ticket=7IfUspcvYdDSJCaD25v6abmdV3TZxEM7IDv5bOWHXPU%3D HTTP/1.1" 200 339
2016/08/15 10:24:42 AM "GET /cgi-bin/mmwebwx-bin/synccheck?synckey=1_660887652%7C2_660887861%7C3_660887858%7C11_660880119%7C13_660880119%7C201_1471227846%7C202_1471227846%7C1000_1471222981%7C1001_1471223011%7C1003_1470643960&skey=%40crypt_e96abede_e79838f9ea4ec4f35b1e69ea48a31eca&uin=73909470&r=1471227882&deviceid=e765412367324764&sid=J5t0TpDfIzaaYkTd&_=1471227882 HTTP/1.1" 200 43
2016/08/15 10:24:42 AM "POST /cgi-bin/mmwebwx-bin/webwxsync?sid=J5t0TpDfIzaaYkTd&skey=@crypt_e96abede_e79838f9ea4ec4f35b1e69ea48a31eca&lang=en_US&pass_ticket=7IfUspcvYdDSJCaD25v6abmdV3TZxEM7IDv5bOWHXPU%3D HTTP/1.1" 200 339
2016/08/15 10:24:43 AM "GET /cgi-bin/mmwebwx-bin/synccheck?synckey=1_660887652%7C2_660887861%7C3_660887858%7C11_660880119%7C13_660880119%7C201_1471227846%7C202_1471227846%7C1000_1471222981%7C1001_1471223011%7C1003_1470643960&skey=%40crypt_e96abede_e79838f9ea4ec4f35b1e69ea48a31eca&uin=73909470&r=1471227883&deviceid=e765412367324764&sid=J5t0TpDfIzaaYkTd&_=1471227883 HTTP/1.1" 200 43
2016/08/15 10:24:43 AM "POST /cgi-bin/mmwebwx-bin/webwxsync?sid=J5t0TpDfIzaaYkTd&skey=@crypt_e96abede_e79838f9ea4ec4f35b1e69ea48a31eca&lang=en_US&pass_ticket=7IfUspcvYdDSJCaD25v6abmdV3TZxEM7IDv5bOWHXPU%3D HTTP/1.1" 200 339
2016/08/15 10:24:44 AM "GET /cgi-bin/mmwebwx-bin/synccheck?synckey=1_660887652%7C2_660887861%7C3_660887858%7C11_660880119%7C13_660880119%7C201_1471227846%7C202_1471227846%7C1000_1471222981%7C1001_1471223011%7C1003_1470643960&skey=%40crypt_e96abede_e79838f9ea4ec4f35b1e69ea48a31eca&uin=73909470&r=1471227884&deviceid=e765412367324764&sid=J5t0TpDfIzaaYkTd&_=1471227884 HTTP/1.1" 200 43
2016/08/15 10:24:44 AM "POST /cgi-bin/mmwebwx-bin/webwxsync?sid=J5t0TpDfIzaaYkTd&skey=@crypt_e96abede_e79838f9ea4ec4f35b1e69ea48a31eca&lang=en_US&pass_ticket=7IfUspcvYdDSJCaD25v6abmdV3TZxEM7IDv5bOWHXPU%3D HTTP/1.1" 200 339
2016/08/15 10:24:45 AM "GET /cgi-bin/mmwebwx-bin/synccheck?synckey=1_660887652%7C2_660887861%7C3_660887858%7C11_660880119%7C13_660880119%7C201_1471227846%7C202_1471227846%7C1000_1471222981%7C1001_1471223011%7C1003_1470643960&skey=%40crypt_e96abede_e79838f9ea4ec4f35b1e69ea48a31eca&uin=73909470&r=1471227885&deviceid=e765412367324764&sid=J5t0TpDfIzaaYkTd&_=1471227885 HTTP/1.1" 200 43
2016/08/15 10:24:45 AM "POST /cgi-bin/mmwebwx-bin/webwxsync?sid=J5t0TpDfIzaaYkTd&skey=@crypt_e96abede_e79838f9ea4ec4f35b1e69ea48a31eca&lang=en_US&pass_ticket=7IfUspcvYdDSJCaD25v6abmdV3TZxEM7IDv5bOWHXPU%3D HTTP/1.1" 200 339
2016/08/15 10:24:46 AM "GET /cgi-bin/mmwebwx-bin/synccheck?synckey=1_660887652%7C2_660887861%7C3_660887858%7C11_660880119%7C13_660880119%7C201_1471227846%7C202_1471227846%7C1000_1471222981%7C1001_1471223011%7C1003_1470643960&skey=%40crypt_e96abede_e79838f9ea4ec4f35b1e69ea48a31eca&uin=73909470&r=1471227886&deviceid=e765412367324764&sid=J5t0TpDfIzaaYkTd&_=1471227886 HTTP/1.1" 200 43
2016/08/15 10:24:46 AM "POST /cgi-bin/mmwebwx-bin/webwxsync?sid=J5t0TpDfIzaaYkTd&skey=@crypt_e96abede_e79838f9ea4ec4f35b1e69ea48a31eca&lang=en_US&pass_ticket=7IfUspcvYdDSJCaD25v6abmdV3TZxEM7IDv5bOWHXPU%3D HTTP/1.1" 200 339
2016/08/15 10:24:47 AM "GET /cgi-bin/mmwebwx-bin/synccheck?synckey=1_660887652%7C2_660887861%7C3_660887858%7C11_660880119%7C13_660880119%7C201_1471227846%7C202_1471227846%7C1000_1471222981%7C1001_1471223011%7C1003_1470643960&skey=%40crypt_e96abede_e79838f9ea4ec4f35b1e69ea48a31eca&uin=73909470&r=1471227887&deviceid=e765412367324764&sid=J5t0TpDfIzaaYkTd&_=1471227887 HTTP/1.1" 200 43
2016/08/15 10:24:47 AM "POST /cgi-bin/mmwebwx-bin/webwxsync?sid=J5t0TpDfIzaaYkTd&skey=@crypt_e96abede_e79838f9ea4ec4f35b1e69ea48a31eca&lang=en_US&pass_ticket=7IfUspcvYdDSJCaD25v6abmdV3TZxEM7IDv5bOWHXPU%3D HTTP/1.1" 200 339
2016/08/15 10:24:48 AM "GET /cgi-bin/mmwebwx-bin/synccheck?synckey=1_660887652%7C2_660887861%7C3_660887858%7C11_660880119%7C13_660880119%7C201_1471227846%7C202_1471227846%7C1000_1471222981%7C1001_1471223011%7C1003_1470643960&skey=%40crypt_e96abede_e79838f9ea4ec4f35b1e69ea48a31eca&uin=73909470&r=1471227888&deviceid=e765412367324764&sid=J5t0TpDfIzaaYkTd&_=1471227888 HTTP/1.1" 200 43
2016/08/15 10:24:48 AM "POST /cgi-bin/mmwebwx-bin/webwxsync?sid=J5t0TpDfIzaaYkTd&skey=@crypt_e96abede_e79838f9ea4ec4f35b1e69ea48a31eca&lang=en_US&pass_ticket=7IfUspcvYdDSJCaD25v6abmdV3TZxEM7IDv5bOWHXPU%3D HTTP/1.1" 200 339
2016/08/15 10:24:49 AM "GET /cgi-bin/mmwebwx-bin/synccheck?synckey=1_660887652%7C2_660887861%7C3_660887858%7C11_660880119%7C13_660880119%7C201_1471227846%7C202_1471227846%7C1000_1471222981%7C1001_1471223011%7C1003_1470643960&skey=%40crypt_e96abede_e79838f9ea4ec4f35b1e69ea48a31eca&uin=73909470&r=1471227889&deviceid=e765412367324764&sid=J5t0TpDfIzaaYkTd&_=1471227889 HTTP/1.1" 200 43
2016/08/15 10:24:49 AM "POST /cgi-bin/mmwebwx-bin/webwxsync?sid=J5t0TpDfIzaaYkTd&skey=@crypt_e96abede_e79838f9ea4ec4f35b1e69ea48a31eca&lang=en_US&pass_ticket=7IfUspcvYdDSJCaD25v6abmdV3TZxEM7IDv5bOWHXPU%3D HTTP/1.1" 200 339
2016/08/15 10:24:50 AM "GET /cgi-bin/mmwebwx-bin/synccheck?synckey=1_660887652%7C2_660887861%7C3_660887858%7C11_660880119%7C13_660880119%7C201_1471227846%7C202_1471227846%7C1000_1471222981%7C1001_1471223011%7C1003_1470643960&skey=%40crypt_e96abede_e79838f9ea4ec4f35b1e69ea48a31eca&uin=73909470&r=1471227890&deviceid=e765412367324764&sid=J5t0TpDfIzaaYkTd&_=1471227890 HTTP/1.1" 200 43
2016/08/15 10:24:50 AM "POST /cgi-bin/mmwebwx-bin/webwxsync?sid=J5t0TpDfIzaaYkTd&skey=@crypt_e96abede_e79838f9ea4ec4f35b1e69ea48a31eca&lang=en_US&pass_ticket=7IfUspcvYdDSJCaD25v6abmdV3TZxEM7IDv5bOWHXPU%3D HTTP/1.1" 200 339
2016/08/15 10:24:51 AM "GET /cgi-bin/mmwebwx-bin/synccheck?synckey=1_660887652%7C2_660887861%7C3_660887858%7C11_660880119%7C13_660880119%7C201_1471227846%7C202_1471227846%7C1000_1471222981%7C1001_1471223011%7C1003_1470643960&skey=%40crypt_e96abede_e79838f9ea4ec4f35b1e69ea48a31eca&uin=73909470&r=1471227891&deviceid=e765412367324764&sid=J5t0TpDfIzaaYkTd&_=1471227891 HTTP/1.1" 200 43
2016/08/15 10:24:51 AM "POST /cgi-bin/mmwebwx-bin/webwxsync?sid=J5t0TpDfIzaaYkTd&skey=@crypt_e96abede_e79838f9ea4ec4f35b1e69ea48a31eca&lang=en_US&pass_ticket=7IfUspcvYdDSJCaD25v6abmdV3TZxEM7IDv5bOWHXPU%3D HTTP/1.1" 200 339
2016/08/15 10:24:52 AM "GET /cgi-bin/mmwebwx-bin/synccheck?synckey=1_660887652%7C2_660887861%7C3_660887858%7C11_660880119%7C13_660880119%7C201_1471227846%7C202_1471227846%7C1000_1471222981%7C1001_1471223011%7C1003_1470643960&skey=%40crypt_e96abede_e79838f9ea4ec4f35b1e69ea48a31eca&uin=73909470&r=1471227892&deviceid=e765412367324764&sid=J5t0TpDfIzaaYkTd&_=1471227892 HTTP/1.1" 200 43
2016/08/15 10:24:52 AM "POST /cgi-bin/mmwebwx-bin/webwxsync?sid=J5t0TpDfIzaaYkTd&skey=@crypt_e96abede_e79838f9ea4ec4f35b1e69ea48a31eca&lang=en_US&pass_ticket=7IfUspcvYdDSJCaD25v6abmdV3TZxEM7IDv5bOWHXPU%3D HTTP/1.1" 200 339
2016/08/15 10:24:53 AM "GET /cgi-bin/mmwebwx-bin/synccheck?synckey=1_660887652%7C2_660887861%7C3_660887858%7C11_660880119%7C13_660880119%7C201_1471227846%7C202_1471227846%7C1000_1471222981%7C1001_1471223011%7C1003_1470643960&skey=%40crypt_e96abede_e79838f9ea4ec4f35b1e69ea48a31eca&uin=73909470&r=1471227893&deviceid=e765412367324764&sid=J5t0TpDfIzaaYkTd&_=1471227893 HTTP/1.1" 200 43
2016/08/15 10:24:53 AM "POST /cgi-bin/mmwebwx-bin/webwxsync?sid=J5t0TpDfIzaaYkTd&skey=@crypt_e96abede_e79838f9ea4ec4f35b1e69ea48a31eca&lang=en_US&pass_ticket=7IfUspcvYdDSJCaD25v6abmdV3TZxEM7IDv5bOWHXPU%3D HTTP/1.1" 200 339
2016/08/15 10:24:54 AM "GET /cgi-bin/mmwebwx-bin/synccheck?synckey=1_660887652%7C2_660887861%7C3_660887858%7C11_660880119%7C13_660880119%7C201_1471227846%7C202_1471227846%7C1000_1471222981%7C1001_1471223011%7C1003_1470643960&skey=%40crypt_e96abede_e79838f9ea4ec4f35b1e69ea48a31eca&uin=73909470&r=1471227894&deviceid=e765412367324764&sid=J5t0TpDfIzaaYkTd&_=1471227894 HTTP/1.1" 200 43
2016/08/15 10:24:54 AM "POST /cgi-bin/mmwebwx-bin/webwxsync?sid=J5t0TpDfIzaaYkTd&skey=@crypt_e96abede_e79838f9ea4ec4f35b1e69ea48a31eca&lang=en_US&pass_ticket=7IfUspcvYdDSJCaD25v6abmdV3TZxEM7IDv5bOWHXPU%3D HTTP/1.1" 200 339
2016/08/15 10:24:55 AM "GET /cgi-bin/mmwebwx-bin/synccheck?synckey=1_660887652%7C2_660887861%7C3_660887858%7C11_660880119%7C13_660880119%7C201_1471227846%7C202_1471227846%7C1000_1471222981%7C1001_1471223011%7C1003_1470643960&skey=%40crypt_e96abede_e79838f9ea4ec4f35b1e69ea48a31eca&uin=73909470&r=1471227895&deviceid=e765412367324764&sid=J5t0TpDfIzaaYkTd&_=1471227895 HTTP/1.1" 200 43
2016/08/15 10:24:55 AM "POST /cgi-bin/mmwebwx-bin/webwxsync?sid=J5t0TpDfIzaaYkTd&skey=@crypt_e96abede_e79838f9ea4ec4f35b1e69ea48a31eca&lang=en_US&pass_ticket=7IfUspcvYdDSJCaD25v6abmdV3TZxEM7IDv5bOWHXPU%3D HTTP/1.1" 200 339
2016/08/15 10:24:56 AM "GET /cgi-bin/mmwebwx-bin/synccheck?synckey=1_660887652%7C2_660887861%7C3_660887858%7C11_660880119%7C13_660880119%7C201_1471227846%7C202_1471227846%7C1000_1471222981%7C1001_1471223011%7C1003_1470643960&skey=%40crypt_e96abede_e79838f9ea4ec4f35b1e69ea48a31eca&uin=73909470&r=1471227896&deviceid=e765412367324764&sid=J5t0TpDfIzaaYkTd&_=1471227896 HTTP/1.1" 200 43
2016/08/15 10:24:56 AM "POST /cgi-bin/mmwebwx-bin/webwxsync?sid=J5t0TpDfIzaaYkTd&skey=@crypt_e96abede_e79838f9ea4ec4f35b1e69ea48a31eca&lang=en_US&pass_ticket=7IfUspcvYdDSJCaD25v6abmdV3TZxEM7IDv5bOWHXPU%3D HTTP/1.1" 200 339
2016/08/15 10:24:57 AM "GET /cgi-bin/mmwebwx-bin/synccheck?synckey=1_660887652%7C2_660887861%7C3_660887858%7C11_660880119%7C13_660880119%7C201_1471227846%7C202_1471227846%7C1000_1471222981%7C1001_1471223011%7C1003_1470643960&skey=%40crypt_e96abede_e79838f9ea4ec4f35b1e69ea48a31eca&uin=73909470&r=1471227897&deviceid=e765412367324764&sid=J5t0TpDfIzaaYkTd&_=1471227897 HTTP/1.1" 200 43
2016/08/15 10:24:57 AM "POST /cgi-bin/mmwebwx-bin/webwxsync?sid=J5t0TpDfIzaaYkTd&skey=@crypt_e96abede_e79838f9ea4ec4f35b1e69ea48a31eca&lang=en_US&pass_ticket=7IfUspcvYdDSJCaD25v6abmdV3TZxEM7IDv5bOWHXPU%3D HTTP/1.1" 200 339
2016/08/15 10:24:58 AM "GET /cgi-bin/mmwebwx-bin/synccheck?synckey=1_660887652%7C2_660887861%7C3_660887858%7C11_660880119%7C13_660880119%7C201_1471227846%7C202_1471227846%7C1000_1471222981%7C1001_1471223011%7C1003_1470643960&skey=%40crypt_e96abede_e79838f9ea4ec4f35b1e69ea48a31eca&uin=73909470&r=1471227898&deviceid=e765412367324764&sid=J5t0TpDfIzaaYkTd&_=1471227898 HTTP/1.1" 200 43
2016/08/15 10:24:58 AM "POST /cgi-bin/mmwebwx-bin/webwxsync?sid=J5t0TpDfIzaaYkTd&skey=@crypt_e96abede_e79838f9ea4ec4f35b1e69ea48a31eca&lang=en_US&pass_ticket=7IfUspcvYdDSJCaD25v6abmdV3TZxEM7IDv5bOWHXPU%3D HTTP/1.1" 200 339
2016/08/15 10:24:59 AM "GET /cgi-bin/mmwebwx-bin/synccheck?synckey=1_660887652%7C2_660887861%7C3_660887858%7C11_660880119%7C13_660880119%7C201_1471227846%7C202_1471227846%7C1000_1471222981%7C1001_1471223011%7C1003_1470643960&skey=%40crypt_e96abede_e79838f9ea4ec4f35b1e69ea48a31eca&uin=73909470&r=1471227899&deviceid=e765412367324764&sid=J5t0TpDfIzaaYkTd&_=1471227899 HTTP/1.1" 200 43
2016/08/15 10:24:59 AM "POST /cgi-bin/mmwebwx-bin/webwxsync?sid=J5t0TpDfIzaaYkTd&skey=@crypt_e96abede_e79838f9ea4ec4f35b1e69ea48a31eca&lang=en_US&pass_ticket=7IfUspcvYdDSJCaD25v6abmdV3TZxEM7IDv5bOWHXPU%3D HTTP/1.1" 200 738
2016/08/15 10:24:59 AM {u'auto_add': 1, u'reply_rules': [{u'keywords': u'', u'reply': [{u'content': u'\u4e0d\u8981\u7ed9\u6211\u7559\u8a00', u'type': u'text'}, {u'content': u'upload/1470982086.jpg', u'type': u'image'}], u'msg_type': u'add'}, {u'keywords': u'\u4f60\u597d', u'reply': [{u'content': u'\u4e0d\u8981\u7ed9\u6211\u7559\u8a00', u'type': u'text'}, {u'content': u'upload/1470982086.jpg', u'type': u'image'}], u'msg_type': u'text'}]}
2016/08/15 10:25:02 AM "GET /cgi-bin/mmwebwx-bin/synccheck?synckey=1_660887652%7C2_660887863%7C3_660887858%7C11_660880119%7C13_660880119%7C201_1471227890%7C202_1471227846%7C1000_1471222981%7C1001_1471223011%7C1003_1470643960&skey=%40crypt_e96abede_e79838f9ea4ec4f35b1e69ea48a31eca&uin=73909470&r=1471227900&deviceid=e765412367324764&sid=J5t0TpDfIzaaYkTd&_=1471227900 HTTP/1.1" 200 43
2016/08/15 10:25:02 AM "POST /cgi-bin/mmwebwx-bin/webwxsync?sid=J5t0TpDfIzaaYkTd&skey=@crypt_e96abede_e79838f9ea4ec4f35b1e69ea48a31eca&lang=en_US&pass_ticket=7IfUspcvYdDSJCaD25v6abmdV3TZxEM7IDv5bOWHXPU%3D HTTP/1.1" 200 382
2016/08/15 10:25:29 AM "GET /cgi-bin/mmwebwx-bin/synccheck?synckey=1_660887652%7C2_660887863%7C3_660887864%7C11_660880119%7C13_660880119%7C201_1471227890%7C202_1471227893%7C1000_1471222981%7C1001_1471223011%7C1003_1470643960&skey=%40crypt_e96abede_e79838f9ea4ec4f35b1e69ea48a31eca&uin=73909470&r=1471227902&deviceid=e765412367324764&sid=J5t0TpDfIzaaYkTd&_=1471227902 HTTP/1.1" 200 43
2016/08/15 10:25:56 AM "GET /cgi-bin/mmwebwx-bin/synccheck?synckey=1_660887652%7C2_660887863%7C3_660887864%7C11_660880119%7C13_660880119%7C201_1471227890%7C202_1471227893%7C1000_1471222981%7C1001_1471223011%7C1003_1470643960&skey=%40crypt_e96abede_e79838f9ea4ec4f35b1e69ea48a31eca&uin=73909470&r=1471227929&deviceid=e765412367324764&sid=J5t0TpDfIzaaYkTd&_=1471227929 HTTP/1.1" 200 43
2016/08/15 10:26:23 AM "GET /cgi-bin/mmwebwx-bin/synccheck?synckey=1_660887652%7C2_660887863%7C3_660887864%7C11_660880119%7C13_660880119%7C201_1471227890%7C202_1471227893%7C1000_1471222981%7C1001_1471223011%7C1003_1470643960&skey=%40crypt_e96abede_e79838f9ea4ec4f35b1e69ea48a31eca&uin=73909470&r=1471227956&deviceid=e765412367324764&sid=J5t0TpDfIzaaYkTd&_=1471227956 HTTP/1.1" 200 43
2016/08/15 10:26:50 AM "GET /cgi-bin/mmwebwx-bin/synccheck?synckey=1_660887652%7C2_660887863%7C3_660887864%7C11_660880119%7C13_660880119%7C201_1471227890%7C202_1471227893%7C1000_1471222981%7C1001_1471223011%7C1003_1470643960&skey=%40crypt_e96abede_e79838f9ea4ec4f35b1e69ea48a31eca&uin=73909470&r=1471227983&deviceid=e765412367324764&sid=J5t0TpDfIzaaYkTd&_=1471227983 HTTP/1.1" 200 43
2016/08/15 10:26:53 AM "GET /cgi-bin/mmwebwx-bin/synccheck?synckey=1_660887652%7C2_660887863%7C3_660887864%7C11_660880119%7C13_660880119%7C201_1471227890%7C202_1471227893%7C1000_1471222981%7C1001_1471223011%7C1003_1470643960&skey=%40crypt_e96abede_e79838f9ea4ec4f35b1e69ea48a31eca&uin=73909470&r=1471228010&deviceid=e765412367324764&sid=J5t0TpDfIzaaYkTd&_=1471228010 HTTP/1.1" 200 43
2016/08/15 10:26:53 AM Resetting dropped connection: wx.qq.com
2016/08/15 10:26:53 AM "POST /cgi-bin/mmwebwx-bin/webwxsync?sid=J5t0TpDfIzaaYkTd&skey=@crypt_e96abede_e79838f9ea4ec4f35b1e69ea48a31eca&lang=en_US&pass_ticket=7IfUspcvYdDSJCaD25v6abmdV3TZxEM7IDv5bOWHXPU%3D HTTP/1.1" 200 250
2016/08/15 10:26:53 AM "GET /cgi-bin/mmwebwx-bin/synccheck?synckey=1_660887652%7C2_660887863%7C3_660887864%7C11_660880119%7C13_660880119%7C201_1471227890%7C202_1471227893%7C1000_1471222981%7C1001_1471223011%7C1003_1470643960&skey=%40crypt_e96abede_e79838f9ea4ec4f35b1e69ea48a31eca&uin=73909470&r=1471228013&deviceid=e765412367324764&sid=J5t0TpDfIzaaYkTd&_=1471228013 HTTP/1.1" 200 46
2016/08/15 10:26:53 AM [INFO] begin to record {"status": 0, "desc": "exit", "nickname": "test", "uin": "73909470"}
2016/08/15 10:26:53 AM [INFO] begin to record {"status": 0, "desc": "logout", "uin": "73909470"}
